The system is: Darwin - 20.2.0 - x86_64
Compiling the C compiler identification source file "CMakeCCompilerId.c" succeeded.
Compiler: /usr/local/opt/llvm@8/bin/clang 
Build flags: 
Id flags:  

The output was:
0


Compilation of the C compiler identification source "CMakeCCompilerId.c" produced "a.out"

The C compiler identification is Clang, found in "/Users/traaitt/Documents/GitHub/traaittCASH/build/rocksdb/CMakeFiles/3.19.6/CompilerIdC/a.out"

Compiling the CXX compiler identification source file "CMakeCXXCompilerId.cpp" succeeded.
Compiler: /usr/local/opt/llvm@8/bin/clang++ 
Build flags: 
Id flags:  

The output was:
0


Compilation of the CXX compiler identification source "CMakeCXXCompilerId.cpp" produced "a.out"

The CXX compiler identification is Clang, found in "/Users/traaitt/Documents/GitHub/traaittCASH/build/rocksdb/CMakeFiles/3.19.6/CompilerIdCXX/a.out"

Detecting C compiler ABI info compiled with the following output:
Change Dir: /Users/traaitt/Documents/GitHub/traaittCASH/build/rocksdb/CMakeFiles/CMakeTmp

Run Build Command(s):/usr/local/bin/gmake cmTC_9938c/fast && /usr/local/bin/gmake  -f CMakeFiles/cmTC_9938c.dir/build.make CMakeFiles/cmTC_9938c.dir/build
gmake[1]: Entering directory '/Users/traaitt/Documents/GitHub/traaittCASH/build/rocksdb/CMakeFiles/CMakeTmp'
Building C object CMakeFiles/cmTC_9938c.dir/CMakeCCompilerABI.c.o
/usr/local/opt/llvm@8/bin/clang   -isysroot /Applications/Xcode.app/Contents/Developer/Platforms/MacOSX.platform/Developer/SDKs/MacOSX11.1.sdk   -v -Wl,-v -o CMakeFiles/cmTC_9938c.dir/CMakeCCompilerABI.c.o -c /usr/local/Cellar/cmake/3.19.6/share/cmake/Modules/CMakeCCompilerABI.c
clang version 8.0.1 (tags/RELEASE_801/final)
Target: x86_64-apple-darwin20.2.0
Thread model: posix
InstalledDir: /usr/local/opt/llvm@8/bin
clang-8: warning: -Wl,-v: 'linker' input unused [-Wunused-command-line-argument]
 "/usr/local/Cellar/llvm@8/8.0.1_3/bin/clang-8" -cc1 -triple x86_64-apple-macosx10.16.0 -Wdeprecated-objc-isa-usage -Werror=deprecated-objc-isa-usage -emit-obj -mrelax-all -disable-free -disable-llvm-verifier -discard-value-names -main-file-name CMakeCCompilerABI.c -mrelocation-model pic -pic-level 2 -mthread-model posix -mdisable-fp-elim -masm-verbose -munwind-tables -target-sdk-version=11.1 -target-cpu penryn -dwarf-column-info -debugger-tuning=lldb -ggnu-pubnames -target-linker-version 556.6 -v -coverage-notes-file /Users/traaitt/Documents/GitHub/traaittCASH/build/rocksdb/CMakeFiles/CMakeTmp/CMakeFiles/cmTC_9938c.dir/CMakeCCompilerABI.c.gcno -resource-dir /usr/local/Cellar/llvm@8/8.0.1_3/lib/clang/8.0.1 -isysroot /Applications/Xcode.app/Contents/Developer/Platforms/MacOSX.platform/Developer/SDKs/MacOSX11.1.sdk -fdebug-compilation-dir /Users/traaitt/Documents/GitHub/traaittCASH/build/rocksdb/CMakeFiles/CMakeTmp -ferror-limit 19 -fmessage-length 0 -stack-protector 1 -fblocks -fencode-extended-block-signature -fregister-global-dtors-with-atexit -fobjc-runtime=macosx-10.16.0 -fmax-type-align=16 -fdiagnostics-show-option -o CMakeFiles/cmTC_9938c.dir/CMakeCCompilerABI.c.o -x c /usr/local/Cellar/cmake/3.19.6/share/cmake/Modules/CMakeCCompilerABI.c
clang -cc1 version 8.0.1 based upon LLVM 8.0.1 default target x86_64-apple-darwin20.2.0
ignoring nonexistent directory "/Applications/Xcode.app/Contents/Developer/Platforms/MacOSX.platform/Developer/SDKs/MacOSX11.1.sdk/usr/local/include"
ignoring nonexistent directory "/Applications/Xcode.app/Contents/Developer/Platforms/MacOSX.platform/Developer/SDKs/MacOSX11.1.sdk/Library/Frameworks"
#include "..." search starts here:
#include <...> search starts here:
 /usr/local/Cellar/llvm@8/8.0.1_3/lib/clang/8.0.1/include
 /Applications/Xcode.app/Contents/Developer/Platforms/MacOSX.platform/Developer/SDKs/MacOSX11.1.sdk/usr/include
 /Applications/Xcode.app/Contents/Developer/Platforms/MacOSX.platform/Developer/SDKs/MacOSX11.1.sdk/System/Library/Frameworks (framework directory)
End of search list.
Linking C executable cmTC_9938c
/usr/local/Cellar/cmake/3.19.6/bin/cmake -E cmake_link_script CMakeFiles/cmTC_9938c.dir/link.txt --verbose=1
/usr/local/opt/llvm@8/bin/clang  -isysroot /Applications/Xcode.app/Contents/Developer/Platforms/MacOSX.platform/Developer/SDKs/MacOSX11.1.sdk -Wl,-search_paths_first -Wl,-headerpad_max_install_names  -v -Wl,-v CMakeFiles/cmTC_9938c.dir/CMakeCCompilerABI.c.o -o cmTC_9938c 
clang version 8.0.1 (tags/RELEASE_801/final)
Target: x86_64-apple-darwin20.2.0
Thread model: posix
InstalledDir: /usr/local/opt/llvm@8/bin
 "/usr/bin/ld" -demangle -lto_library /usr/local/Cellar/llvm@8/8.0.1_3/lib/libLTO.dylib -dynamic -arch x86_64 -macosx_version_min 10.16.0 -syslibroot /Library/Developer/CommandLineTools/SDKs/MacOSX.sdk -o cmTC_9938c -search_paths_first -headerpad_max_install_names -v CMakeFiles/cmTC_9938c.dir/CMakeCCompilerABI.c.o -lSystem /usr/local/Cellar/llvm@8/8.0.1_3/lib/clang/8.0.1/lib/darwin/libclang_rt.osx.a
@(#)PROGRAM:ld  PROJECT:ld64-609.8
BUILD 15:07:46 Dec 18 2020
configured to support archs: armv6 armv7 armv7s arm64 arm64e arm64_32 i386 x86_64 x86_64h armv6m armv7k armv7m armv7em
Library search paths:
	/Library/Developer/CommandLineTools/SDKs/MacOSX.sdk/usr/lib
Framework search paths:
	/Library/Developer/CommandLineTools/SDKs/MacOSX.sdk/System/Library/Frameworks/
gmake[1]: Leaving directory '/Users/traaitt/Documents/GitHub/traaittCASH/build/rocksdb/CMakeFiles/CMakeTmp'



Parsed C implicit include dir info from above output: rv=done
  found start of include info
  found start of implicit include info
    add: [/usr/local/Cellar/llvm@8/8.0.1_3/lib/clang/8.0.1/include]
    add: [/Applications/Xcode.app/Contents/Developer/Platforms/MacOSX.platform/Developer/SDKs/MacOSX11.1.sdk/usr/include]
  end of search list found
  collapse include dir [/usr/local/Cellar/llvm@8/8.0.1_3/lib/clang/8.0.1/include] ==> [/usr/local/Cellar/llvm@8/8.0.1_3/lib/clang/8.0.1/include]
  collapse include dir [/Applications/Xcode.app/Contents/Developer/Platforms/MacOSX.platform/Developer/SDKs/MacOSX11.1.sdk/usr/include] ==> [/Applications/Xcode.app/Contents/Developer/Platforms/MacOSX.platform/Developer/SDKs/MacOSX11.1.sdk/usr/include]
  implicit include dirs: [/usr/local/Cellar/llvm@8/8.0.1_3/lib/clang/8.0.1/include;/Applications/Xcode.app/Contents/Developer/Platforms/MacOSX.platform/Developer/SDKs/MacOSX11.1.sdk/usr/include]


Parsed C implicit link information from above output:
  link line regex: [^( *|.*[/\])(ld|CMAKE_LINK_STARTFILE-NOTFOUND|([^/\]+-)?ld|collect2)[^/\]*( |$)]
  ignore line: [Change Dir: /Users/traaitt/Documents/GitHub/traaittCASH/build/rocksdb/CMakeFiles/CMakeTmp]
  ignore line: []
  ignore line: [Run Build Command(s):/usr/local/bin/gmake cmTC_9938c/fast && /usr/local/bin/gmake  -f CMakeFiles/cmTC_9938c.dir/build.make CMakeFiles/cmTC_9938c.dir/build]
  ignore line: [gmake[1]: Entering directory '/Users/traaitt/Documents/GitHub/traaittCASH/build/rocksdb/CMakeFiles/CMakeTmp']
  ignore line: [Building C object CMakeFiles/cmTC_9938c.dir/CMakeCCompilerABI.c.o]
  ignore line: [/usr/local/opt/llvm@8/bin/clang   -isysroot /Applications/Xcode.app/Contents/Developer/Platforms/MacOSX.platform/Developer/SDKs/MacOSX11.1.sdk   -v -Wl -v -o CMakeFiles/cmTC_9938c.dir/CMakeCCompilerABI.c.o -c /usr/local/Cellar/cmake/3.19.6/share/cmake/Modules/CMakeCCompilerABI.c]
  ignore line: [clang version 8.0.1 (tags/RELEASE_801/final)]
  ignore line: [Target: x86_64-apple-darwin20.2.0]
  ignore line: [Thread model: posix]
  ignore line: [InstalledDir: /usr/local/opt/llvm@8/bin]
  ignore line: [clang-8: warning: -Wl -v: 'linker' input unused [-Wunused-command-line-argument]]
  ignore line: [ "/usr/local/Cellar/llvm@8/8.0.1_3/bin/clang-8" -cc1 -triple x86_64-apple-macosx10.16.0 -Wdeprecated-objc-isa-usage -Werror=deprecated-objc-isa-usage -emit-obj -mrelax-all -disable-free -disable-llvm-verifier -discard-value-names -main-file-name CMakeCCompilerABI.c -mrelocation-model pic -pic-level 2 -mthread-model posix -mdisable-fp-elim -masm-verbose -munwind-tables -target-sdk-version=11.1 -target-cpu penryn -dwarf-column-info -debugger-tuning=lldb -ggnu-pubnames -target-linker-version 556.6 -v -coverage-notes-file /Users/traaitt/Documents/GitHub/traaittCASH/build/rocksdb/CMakeFiles/CMakeTmp/CMakeFiles/cmTC_9938c.dir/CMakeCCompilerABI.c.gcno -resource-dir /usr/local/Cellar/llvm@8/8.0.1_3/lib/clang/8.0.1 -isysroot /Applications/Xcode.app/Contents/Developer/Platforms/MacOSX.platform/Developer/SDKs/MacOSX11.1.sdk -fdebug-compilation-dir /Users/traaitt/Documents/GitHub/traaittCASH/build/rocksdb/CMakeFiles/CMakeTmp -ferror-limit 19 -fmessage-length 0 -stack-protector 1 -fblocks -fencode-extended-block-signature -fregister-global-dtors-with-atexit -fobjc-runtime=macosx-10.16.0 -fmax-type-align=16 -fdiagnostics-show-option -o CMakeFiles/cmTC_9938c.dir/CMakeCCompilerABI.c.o -x c /usr/local/Cellar/cmake/3.19.6/share/cmake/Modules/CMakeCCompilerABI.c]
  ignore line: [clang -cc1 version 8.0.1 based upon LLVM 8.0.1 default target x86_64-apple-darwin20.2.0]
  ignore line: [ignoring nonexistent directory "/Applications/Xcode.app/Contents/Developer/Platforms/MacOSX.platform/Developer/SDKs/MacOSX11.1.sdk/usr/local/include"]
  ignore line: [ignoring nonexistent directory "/Applications/Xcode.app/Contents/Developer/Platforms/MacOSX.platform/Developer/SDKs/MacOSX11.1.sdk/Library/Frameworks"]
  ignore line: [#include "..." search starts here:]
  ignore line: [#include <...> search starts here:]
  ignore line: [ /usr/local/Cellar/llvm@8/8.0.1_3/lib/clang/8.0.1/include]
  ignore line: [ /Applications/Xcode.app/Contents/Developer/Platforms/MacOSX.platform/Developer/SDKs/MacOSX11.1.sdk/usr/include]
  ignore line: [ /Applications/Xcode.app/Contents/Developer/Platforms/MacOSX.platform/Developer/SDKs/MacOSX11.1.sdk/System/Library/Frameworks (framework directory)]
  ignore line: [End of search list.]
  ignore line: [Linking C executable cmTC_9938c]
  ignore line: [/usr/local/Cellar/cmake/3.19.6/bin/cmake -E cmake_link_script CMakeFiles/cmTC_9938c.dir/link.txt --verbose=1]
  ignore line: [/usr/local/opt/llvm@8/bin/clang  -isysroot /Applications/Xcode.app/Contents/Developer/Platforms/MacOSX.platform/Developer/SDKs/MacOSX11.1.sdk -Wl -search_paths_first -Wl -headerpad_max_install_names  -v -Wl -v CMakeFiles/cmTC_9938c.dir/CMakeCCompilerABI.c.o -o cmTC_9938c ]
  ignore line: [clang version 8.0.1 (tags/RELEASE_801/final)]
  ignore line: [Target: x86_64-apple-darwin20.2.0]
  ignore line: [Thread model: posix]
  ignore line: [InstalledDir: /usr/local/opt/llvm@8/bin]
  link line: [ "/usr/bin/ld" -demangle -lto_library /usr/local/Cellar/llvm@8/8.0.1_3/lib/libLTO.dylib -dynamic -arch x86_64 -macosx_version_min 10.16.0 -syslibroot /Library/Developer/CommandLineTools/SDKs/MacOSX.sdk -o cmTC_9938c -search_paths_first -headerpad_max_install_names -v CMakeFiles/cmTC_9938c.dir/CMakeCCompilerABI.c.o -lSystem /usr/local/Cellar/llvm@8/8.0.1_3/lib/clang/8.0.1/lib/darwin/libclang_rt.osx.a]
    arg [/usr/bin/ld] ==> ignore
    arg [-demangle] ==> ignore
    arg [-lto_library] ==> ignore, skip following value
    arg [/usr/local/Cellar/llvm@8/8.0.1_3/lib/libLTO.dylib] ==> skip value of -lto_library
    arg [-dynamic] ==> ignore
    arg [-arch] ==> ignore
    arg [x86_64] ==> ignore
    arg [-macosx_version_min] ==> ignore
    arg [10.16.0] ==> ignore
    arg [-syslibroot] ==> ignore
    arg [/Library/Developer/CommandLineTools/SDKs/MacOSX.sdk] ==> ignore
    arg [-o] ==> ignore
    arg [cmTC_9938c] ==> ignore
    arg [-search_paths_first] ==> ignore
    arg [-headerpad_max_install_names] ==> ignore
    arg [-v] ==> ignore
    arg [CMakeFiles/cmTC_9938c.dir/CMakeCCompilerABI.c.o] ==> ignore
    arg [-lSystem] ==> lib [System]
    arg [/usr/local/Cellar/llvm@8/8.0.1_3/lib/clang/8.0.1/lib/darwin/libclang_rt.osx.a] ==> lib [/usr/local/Cellar/llvm@8/8.0.1_3/lib/clang/8.0.1/lib/darwin/libclang_rt.osx.a]
  Library search paths: [;/Library/Developer/CommandLineTools/SDKs/MacOSX.sdk/usr/lib]
  Framework search paths: [;/Library/Developer/CommandLineTools/SDKs/MacOSX.sdk/System/Library/Frameworks/]
  remove lib [System]
  remove lib [/usr/local/Cellar/llvm@8/8.0.1_3/lib/clang/8.0.1/lib/darwin/libclang_rt.osx.a]
  collapse library dir [/Library/Developer/CommandLineTools/SDKs/MacOSX.sdk/usr/lib] ==> [/Library/Developer/CommandLineTools/SDKs/MacOSX.sdk/usr/lib]
  collapse framework dir [/Library/Developer/CommandLineTools/SDKs/MacOSX.sdk/System/Library/Frameworks/] ==> [/Library/Developer/CommandLineTools/SDKs/MacOSX.sdk/System/Library/Frameworks]
  implicit libs: []
  implicit dirs: [/Library/Developer/CommandLineTools/SDKs/MacOSX.sdk/usr/lib]
  implicit fwks: [/Library/Developer/CommandLineTools/SDKs/MacOSX.sdk/System/Library/Frameworks]


Detecting CXX compiler ABI info compiled with the following output:
Change Dir: /Users/traaitt/Documents/GitHub/traaittCASH/build/rocksdb/CMakeFiles/CMakeTmp

Run Build Command(s):/usr/local/bin/gmake cmTC_e19b7/fast && /usr/local/bin/gmake  -f CMakeFiles/cmTC_e19b7.dir/build.make CMakeFiles/cmTC_e19b7.dir/build
gmake[1]: Entering directory '/Users/traaitt/Documents/GitHub/traaittCASH/build/rocksdb/CMakeFiles/CMakeTmp'
Building CXX object CMakeFiles/cmTC_e19b7.dir/CMakeCXXCompilerABI.cpp.o
/usr/local/opt/llvm@8/bin/clang++   -isysroot /Applications/Xcode.app/Contents/Developer/Platforms/MacOSX.platform/Developer/SDKs/MacOSX11.1.sdk   -v -Wl,-v -o CMakeFiles/cmTC_e19b7.dir/CMakeCXXCompilerABI.cpp.o -c /usr/local/Cellar/cmake/3.19.6/share/cmake/Modules/CMakeCXXCompilerABI.cpp
clang version 8.0.1 (tags/RELEASE_801/final)
Target: x86_64-apple-darwin20.2.0
Thread model: posix
InstalledDir: /usr/local/opt/llvm@8/bin
clang-8: warning: -Wl,-v: 'linker' input unused [-Wunused-command-line-argument]
 "/usr/local/Cellar/llvm@8/8.0.1_3/bin/clang-8" -cc1 -triple x86_64-apple-macosx10.16.0 -Wdeprecated-objc-isa-usage -Werror=deprecated-objc-isa-usage -emit-obj -mrelax-all -disable-free -disable-llvm-verifier -discard-value-names -main-file-name CMakeCXXCompilerABI.cpp -mrelocation-model pic -pic-level 2 -mthread-model posix -mdisable-fp-elim -masm-verbose -munwind-tables -target-sdk-version=11.1 -target-cpu penryn -dwarf-column-info -debugger-tuning=lldb -ggnu-pubnames -target-linker-version 556.6 -v -coverage-notes-file /Users/traaitt/Documents/GitHub/traaittCASH/build/rocksdb/CMakeFiles/CMakeTmp/CMakeFiles/cmTC_e19b7.dir/CMakeCXXCompilerABI.cpp.gcno -resource-dir /usr/local/Cellar/llvm@8/8.0.1_3/lib/clang/8.0.1 -isysroot /Applications/Xcode.app/Contents/Developer/Platforms/MacOSX.platform/Developer/SDKs/MacOSX11.1.sdk -stdlib=libc++ -internal-isystem /usr/local/opt/llvm@8/bin/../include/c++/v1 -fdeprecated-macro -fdebug-compilation-dir /Users/traaitt/Documents/GitHub/traaittCASH/build/rocksdb/CMakeFiles/CMakeTmp -ferror-limit 19 -fmessage-length 0 -stack-protector 1 -fblocks -fencode-extended-block-signature -fregister-global-dtors-with-atexit -fobjc-runtime=macosx-10.16.0 -fcxx-exceptions -fexceptions -fmax-type-align=16 -fdiagnostics-show-option -o CMakeFiles/cmTC_e19b7.dir/CMakeCXXCompilerABI.cpp.o -x c++ /usr/local/Cellar/cmake/3.19.6/share/cmake/Modules/CMakeCXXCompilerABI.cpp
clang -cc1 version 8.0.1 based upon LLVM 8.0.1 default target x86_64-apple-darwin20.2.0
ignoring nonexistent directory "/Applications/Xcode.app/Contents/Developer/Platforms/MacOSX.platform/Developer/SDKs/MacOSX11.1.sdk/usr/include/c++/v1"
ignoring nonexistent directory "/Applications/Xcode.app/Contents/Developer/Platforms/MacOSX.platform/Developer/SDKs/MacOSX11.1.sdk/usr/local/include"
ignoring nonexistent directory "/Applications/Xcode.app/Contents/Developer/Platforms/MacOSX.platform/Developer/SDKs/MacOSX11.1.sdk/Library/Frameworks"
#include "..." search starts here:
#include <...> search starts here:
 /usr/local/opt/llvm@8/bin/../include/c++/v1
 /usr/local/Cellar/llvm@8/8.0.1_3/lib/clang/8.0.1/include
 /Applications/Xcode.app/Contents/Developer/Platforms/MacOSX.platform/Developer/SDKs/MacOSX11.1.sdk/usr/include
 /Applications/Xcode.app/Contents/Developer/Platforms/MacOSX.platform/Developer/SDKs/MacOSX11.1.sdk/System/Library/Frameworks (framework directory)
End of search list.
Linking CXX executable cmTC_e19b7
/usr/local/Cellar/cmake/3.19.6/bin/cmake -E cmake_link_script CMakeFiles/cmTC_e19b7.dir/link.txt --verbose=1
/usr/local/opt/llvm@8/bin/clang++  -isysroot /Applications/Xcode.app/Contents/Developer/Platforms/MacOSX.platform/Developer/SDKs/MacOSX11.1.sdk -Wl,-search_paths_first -Wl,-headerpad_max_install_names  -v -Wl,-v CMakeFiles/cmTC_e19b7.dir/CMakeCXXCompilerABI.cpp.o -o cmTC_e19b7 
clang version 8.0.1 (tags/RELEASE_801/final)
Target: x86_64-apple-darwin20.2.0
Thread model: posix
InstalledDir: /usr/local/opt/llvm@8/bin
 "/usr/bin/ld" -demangle -lto_library /usr/local/Cellar/llvm@8/8.0.1_3/lib/libLTO.dylib -dynamic -arch x86_64 -macosx_version_min 10.16.0 -syslibroot /Library/Developer/CommandLineTools/SDKs/MacOSX.sdk -o cmTC_e19b7 -search_paths_first -headerpad_max_install_names -v CMakeFiles/cmTC_e19b7.dir/CMakeCXXCompilerABI.cpp.o -lc++ -lSystem /usr/local/Cellar/llvm@8/8.0.1_3/lib/clang/8.0.1/lib/darwin/libclang_rt.osx.a
@(#)PROGRAM:ld  PROJECT:ld64-609.8
BUILD 15:07:46 Dec 18 2020
configured to support archs: armv6 armv7 armv7s arm64 arm64e arm64_32 i386 x86_64 x86_64h armv6m armv7k armv7m armv7em
Library search paths:
	/Library/Developer/CommandLineTools/SDKs/MacOSX.sdk/usr/lib
Framework search paths:
	/Library/Developer/CommandLineTools/SDKs/MacOSX.sdk/System/Library/Frameworks/
gmake[1]: Leaving directory '/Users/traaitt/Documents/GitHub/traaittCASH/build/rocksdb/CMakeFiles/CMakeTmp'



Parsed CXX implicit include dir info from above output: rv=done
  found start of include info
  found start of implicit include info
    add: [/usr/local/opt/llvm@8/bin/../include/c++/v1]
    add: [/usr/local/Cellar/llvm@8/8.0.1_3/lib/clang/8.0.1/include]
    add: [/Applications/Xcode.app/Contents/Developer/Platforms/MacOSX.platform/Developer/SDKs/MacOSX11.1.sdk/usr/include]
  end of search list found
  collapse include dir [/usr/local/opt/llvm@8/bin/../include/c++/v1] ==> [/usr/local/opt/llvm@8/include/c++/v1]
  collapse include dir [/usr/local/Cellar/llvm@8/8.0.1_3/lib/clang/8.0.1/include] ==> [/usr/local/Cellar/llvm@8/8.0.1_3/lib/clang/8.0.1/include]
  collapse include dir [/Applications/Xcode.app/Contents/Developer/Platforms/MacOSX.platform/Developer/SDKs/MacOSX11.1.sdk/usr/include] ==> [/Applications/Xcode.app/Contents/Developer/Platforms/MacOSX.platform/Developer/SDKs/MacOSX11.1.sdk/usr/include]
  implicit include dirs: [/usr/local/opt/llvm@8/include/c++/v1;/usr/local/Cellar/llvm@8/8.0.1_3/lib/clang/8.0.1/include;/Applications/Xcode.app/Contents/Developer/Platforms/MacOSX.platform/Developer/SDKs/MacOSX11.1.sdk/usr/include]


Parsed CXX implicit link information from above output:
  link line regex: [^( *|.*[/\])(ld|CMAKE_LINK_STARTFILE-NOTFOUND|([^/\]+-)?ld|collect2)[^/\]*( |$)]
  ignore line: [Change Dir: /Users/traaitt/Documents/GitHub/traaittCASH/build/rocksdb/CMakeFiles/CMakeTmp]
  ignore line: []
  ignore line: [Run Build Command(s):/usr/local/bin/gmake cmTC_e19b7/fast && /usr/local/bin/gmake  -f CMakeFiles/cmTC_e19b7.dir/build.make CMakeFiles/cmTC_e19b7.dir/build]
  ignore line: [gmake[1]: Entering directory '/Users/traaitt/Documents/GitHub/traaittCASH/build/rocksdb/CMakeFiles/CMakeTmp']
  ignore line: [Building CXX object CMakeFiles/cmTC_e19b7.dir/CMakeCXXCompilerABI.cpp.o]
  ignore line: [/usr/local/opt/llvm@8/bin/clang++   -isysroot /Applications/Xcode.app/Contents/Developer/Platforms/MacOSX.platform/Developer/SDKs/MacOSX11.1.sdk   -v -Wl -v -o CMakeFiles/cmTC_e19b7.dir/CMakeCXXCompilerABI.cpp.o -c /usr/local/Cellar/cmake/3.19.6/share/cmake/Modules/CMakeCXXCompilerABI.cpp]
  ignore line: [clang version 8.0.1 (tags/RELEASE_801/final)]
  ignore line: [Target: x86_64-apple-darwin20.2.0]
  ignore line: [Thread model: posix]
  ignore line: [InstalledDir: /usr/local/opt/llvm@8/bin]
  ignore line: [clang-8: warning: -Wl -v: 'linker' input unused [-Wunused-command-line-argument]]
  ignore line: [ "/usr/local/Cellar/llvm@8/8.0.1_3/bin/clang-8" -cc1 -triple x86_64-apple-macosx10.16.0 -Wdeprecated-objc-isa-usage -Werror=deprecated-objc-isa-usage -emit-obj -mrelax-all -disable-free -disable-llvm-verifier -discard-value-names -main-file-name CMakeCXXCompilerABI.cpp -mrelocation-model pic -pic-level 2 -mthread-model posix -mdisable-fp-elim -masm-verbose -munwind-tables -target-sdk-version=11.1 -target-cpu penryn -dwarf-column-info -debugger-tuning=lldb -ggnu-pubnames -target-linker-version 556.6 -v -coverage-notes-file /Users/traaitt/Documents/GitHub/traaittCASH/build/rocksdb/CMakeFiles/CMakeTmp/CMakeFiles/cmTC_e19b7.dir/CMakeCXXCompilerABI.cpp.gcno -resource-dir /usr/local/Cellar/llvm@8/8.0.1_3/lib/clang/8.0.1 -isysroot /Applications/Xcode.app/Contents/Developer/Platforms/MacOSX.platform/Developer/SDKs/MacOSX11.1.sdk -stdlib=libc++ -internal-isystem /usr/local/opt/llvm@8/bin/../include/c++/v1 -fdeprecated-macro -fdebug-compilation-dir /Users/traaitt/Documents/GitHub/traaittCASH/build/rocksdb/CMakeFiles/CMakeTmp -ferror-limit 19 -fmessage-length 0 -stack-protector 1 -fblocks -fencode-extended-block-signature -fregister-global-dtors-with-atexit -fobjc-runtime=macosx-10.16.0 -fcxx-exceptions -fexceptions -fmax-type-align=16 -fdiagnostics-show-option -o CMakeFiles/cmTC_e19b7.dir/CMakeCXXCompilerABI.cpp.o -x c++ /usr/local/Cellar/cmake/3.19.6/share/cmake/Modules/CMakeCXXCompilerABI.cpp]
  ignore line: [clang -cc1 version 8.0.1 based upon LLVM 8.0.1 default target x86_64-apple-darwin20.2.0]
  ignore line: [ignoring nonexistent directory "/Applications/Xcode.app/Contents/Developer/Platforms/MacOSX.platform/Developer/SDKs/MacOSX11.1.sdk/usr/include/c++/v1"]
  ignore line: [ignoring nonexistent directory "/Applications/Xcode.app/Contents/Developer/Platforms/MacOSX.platform/Developer/SDKs/MacOSX11.1.sdk/usr/local/include"]
  ignore line: [ignoring nonexistent directory "/Applications/Xcode.app/Contents/Developer/Platforms/MacOSX.platform/Developer/SDKs/MacOSX11.1.sdk/Library/Frameworks"]
  ignore line: [#include "..." search starts here:]
  ignore line: [#include <...> search starts here:]
  ignore line: [ /usr/local/opt/llvm@8/bin/../include/c++/v1]
  ignore line: [ /usr/local/Cellar/llvm@8/8.0.1_3/lib/clang/8.0.1/include]
  ignore line: [ /Applications/Xcode.app/Contents/Developer/Platforms/MacOSX.platform/Developer/SDKs/MacOSX11.1.sdk/usr/include]
  ignore line: [ /Applications/Xcode.app/Contents/Developer/Platforms/MacOSX.platform/Developer/SDKs/MacOSX11.1.sdk/System/Library/Frameworks (framework directory)]
  ignore line: [End of search list.]
  ignore line: [Linking CXX executable cmTC_e19b7]
  ignore line: [/usr/local/Cellar/cmake/3.19.6/bin/cmake -E cmake_link_script CMakeFiles/cmTC_e19b7.dir/link.txt --verbose=1]
  ignore line: [/usr/local/opt/llvm@8/bin/clang++  -isysroot /Applications/Xcode.app/Contents/Developer/Platforms/MacOSX.platform/Developer/SDKs/MacOSX11.1.sdk -Wl -search_paths_first -Wl -headerpad_max_install_names  -v -Wl -v CMakeFiles/cmTC_e19b7.dir/CMakeCXXCompilerABI.cpp.o -o cmTC_e19b7 ]
  ignore line: [clang version 8.0.1 (tags/RELEASE_801/final)]
  ignore line: [Target: x86_64-apple-darwin20.2.0]
  ignore line: [Thread model: posix]
  ignore line: [InstalledDir: /usr/local/opt/llvm@8/bin]
  link line: [ "/usr/bin/ld" -demangle -lto_library /usr/local/Cellar/llvm@8/8.0.1_3/lib/libLTO.dylib -dynamic -arch x86_64 -macosx_version_min 10.16.0 -syslibroot /Library/Developer/CommandLineTools/SDKs/MacOSX.sdk -o cmTC_e19b7 -search_paths_first -headerpad_max_install_names -v CMakeFiles/cmTC_e19b7.dir/CMakeCXXCompilerABI.cpp.o -lc++ -lSystem /usr/local/Cellar/llvm@8/8.0.1_3/lib/clang/8.0.1/lib/darwin/libclang_rt.osx.a]
    arg [/usr/bin/ld] ==> ignore
    arg [-demangle] ==> ignore
    arg [-lto_library] ==> ignore, skip following value
    arg [/usr/local/Cellar/llvm@8/8.0.1_3/lib/libLTO.dylib] ==> skip value of -lto_library
    arg [-dynamic] ==> ignore
    arg [-arch] ==> ignore
    arg [x86_64] ==> ignore
    arg [-macosx_version_min] ==> ignore
    arg [10.16.0] ==> ignore
    arg [-syslibroot] ==> ignore
    arg [/Library/Developer/CommandLineTools/SDKs/MacOSX.sdk] ==> ignore
    arg [-o] ==> ignore
    arg [cmTC_e19b7] ==> ignore
    arg [-search_paths_first] ==> ignore
    arg [-headerpad_max_install_names] ==> ignore
    arg [-v] ==> ignore
    arg [CMakeFiles/cmTC_e19b7.dir/CMakeCXXCompilerABI.cpp.o] ==> ignore
    arg [-lc++] ==> lib [c++]
    arg [-lSystem] ==> lib [System]
    arg [/usr/local/Cellar/llvm@8/8.0.1_3/lib/clang/8.0.1/lib/darwin/libclang_rt.osx.a] ==> lib [/usr/local/Cellar/llvm@8/8.0.1_3/lib/clang/8.0.1/lib/darwin/libclang_rt.osx.a]
  Library search paths: [;/Library/Developer/CommandLineTools/SDKs/MacOSX.sdk/usr/lib]
  Framework search paths: [;/Library/Developer/CommandLineTools/SDKs/MacOSX.sdk/System/Library/Frameworks/]
  remove lib [System]
  remove lib [/usr/local/Cellar/llvm@8/8.0.1_3/lib/clang/8.0.1/lib/darwin/libclang_rt.osx.a]
  collapse library dir [/Library/Developer/CommandLineTools/SDKs/MacOSX.sdk/usr/lib] ==> [/Library/Developer/CommandLineTools/SDKs/MacOSX.sdk/usr/lib]
  collapse framework dir [/Library/Developer/CommandLineTools/SDKs/MacOSX.sdk/System/Library/Frameworks/] ==> [/Library/Developer/CommandLineTools/SDKs/MacOSX.sdk/System/Library/Frameworks]
  implicit libs: [c++]
  implicit dirs: [/Library/Developer/CommandLineTools/SDKs/MacOSX.sdk/usr/lib]
  implicit fwks: [/Library/Developer/CommandLineTools/SDKs/MacOSX.sdk/System/Library/Frameworks]


Checking whether the ASM compiler is Clang using "--version" matched "(clang version)":
clang version 8.0.1 (tags/RELEASE_801/final)
Target: x86_64-apple-darwin20.2.0
Thread model: posix
InstalledDir: /usr/local/opt/llvm@8/bin
Performing C++ SOURCE FILE Test HAVE_OMIT_LEAF_FRAME_POINTER succeeded with the following output:
Change Dir: /Users/traaitt/Documents/GitHub/traaittCASH/build/rocksdb/CMakeFiles/CMakeTmp

Run Build Command(s):/usr/local/bin/gmake cmTC_e5b2f/fast && /usr/local/bin/gmake  -f CMakeFiles/cmTC_e5b2f.dir/build.make CMakeFiles/cmTC_e5b2f.dir/build
gmake[1]: Entering directory '/Users/traaitt/Documents/GitHub/traaittCASH/build/rocksdb/CMakeFiles/CMakeTmp'
Building CXX object CMakeFiles/cmTC_e5b2f.dir/src.cxx.o
/usr/local/opt/llvm@8/bin/clang++ -DHAVE_OMIT_LEAF_FRAME_POINTER  -W -Wextra -Wall -Wsign-compare -Wshadow -Wno-unused-parameter -Wno-unused-variable -Woverloaded-virtual -Wnon-virtual-dtor -Wno-missing-field-initializers -Wno-strict-aliasing -std=c++11 -fno-omit-frame-pointer  -isysroot /Applications/Xcode.app/Contents/Developer/Platforms/MacOSX.platform/Developer/SDKs/MacOSX11.1.sdk   -momit-leaf-frame-pointer -o CMakeFiles/cmTC_e5b2f.dir/src.cxx.o -c /Users/traaitt/Documents/GitHub/traaittCASH/build/rocksdb/CMakeFiles/CMakeTmp/src.cxx
Linking CXX executable cmTC_e5b2f
/usr/local/Cellar/cmake/3.19.6/bin/cmake -E cmake_link_script CMakeFiles/cmTC_e5b2f.dir/link.txt --verbose=1
/usr/local/opt/llvm@8/bin/clang++  -W -Wextra -Wall -Wsign-compare -Wshadow -Wno-unused-parameter -Wno-unused-variable -Woverloaded-virtual -Wnon-virtual-dtor -Wno-missing-field-initializers -Wno-strict-aliasing -std=c++11 -fno-omit-frame-pointer  -isysroot /Applications/Xcode.app/Contents/Developer/Platforms/MacOSX.platform/Developer/SDKs/MacOSX11.1.sdk -Wl,-search_paths_first -Wl,-headerpad_max_install_names CMakeFiles/cmTC_e5b2f.dir/src.cxx.o -o cmTC_e5b2f 
gmake[1]: Leaving directory '/Users/traaitt/Documents/GitHub/traaittCASH/build/rocksdb/CMakeFiles/CMakeTmp'


Source file was:
int main() { return 0; }
Performing C++ SOURCE FILE Test HAVE_SSE42 succeeded with the following output:
Change Dir: /Users/traaitt/Documents/GitHub/traaittCASH/build/rocksdb/CMakeFiles/CMakeTmp

Run Build Command(s):/usr/local/bin/gmake cmTC_63239/fast && /usr/local/bin/gmake  -f CMakeFiles/cmTC_63239.dir/build.make CMakeFiles/cmTC_63239.dir/build
gmake[1]: Entering directory '/Users/traaitt/Documents/GitHub/traaittCASH/build/rocksdb/CMakeFiles/CMakeTmp'
Building CXX object CMakeFiles/cmTC_63239.dir/src.cxx.o
/usr/local/opt/llvm@8/bin/clang++ -DHAVE_SSE42  -W -Wextra -Wall -Wsign-compare -Wshadow -Wno-unused-parameter -Wno-unused-variable -Woverloaded-virtual -Wnon-virtual-dtor -Wno-missing-field-initializers -Wno-strict-aliasing -std=c++11 -fno-omit-frame-pointer -momit-leaf-frame-pointer -msse4.2 -mpclmul -isysroot /Applications/Xcode.app/Contents/Developer/Platforms/MacOSX.platform/Developer/SDKs/MacOSX11.1.sdk -o CMakeFiles/cmTC_63239.dir/src.cxx.o -c /Users/traaitt/Documents/GitHub/traaittCASH/build/rocksdb/CMakeFiles/CMakeTmp/src.cxx
Linking CXX executable cmTC_63239
/usr/local/Cellar/cmake/3.19.6/bin/cmake -E cmake_link_script CMakeFiles/cmTC_63239.dir/link.txt --verbose=1
/usr/local/opt/llvm@8/bin/clang++  -W -Wextra -Wall -Wsign-compare -Wshadow -Wno-unused-parameter -Wno-unused-variable -Woverloaded-virtual -Wnon-virtual-dtor -Wno-missing-field-initializers -Wno-strict-aliasing -std=c++11 -fno-omit-frame-pointer -momit-leaf-frame-pointer -msse4.2 -mpclmul -isysroot /Applications/Xcode.app/Contents/Developer/Platforms/MacOSX.platform/Developer/SDKs/MacOSX11.1.sdk -Wl,-search_paths_first -Wl,-headerpad_max_install_names CMakeFiles/cmTC_63239.dir/src.cxx.o -o cmTC_63239 
gmake[1]: Leaving directory '/Users/traaitt/Documents/GitHub/traaittCASH/build/rocksdb/CMakeFiles/CMakeTmp'


Source file was:

  #include <cstdint>
  #include <nmmintrin.h>
  #include <wmmintrin.h>
  int main() {
    volatile uint32_t x = _mm_crc32_u32(0, 0);
    const auto a = _mm_set_epi64x(0, 0);
    const auto b = _mm_set_epi64x(0, 0);
    const auto c = _mm_clmulepi64_si128(a, b, 0x00);
    auto d = _mm_cvtsi128_si64(c);
  }
  
Performing C++ SOURCE FILE Test HAVE_THREAD_LOCAL succeeded with the following output:
Change Dir: /Users/traaitt/Documents/GitHub/traaittCASH/build/rocksdb/CMakeFiles/CMakeTmp

Run Build Command(s):/usr/local/bin/gmake cmTC_2c904/fast && /usr/local/bin/gmake  -f CMakeFiles/cmTC_2c904.dir/build.make CMakeFiles/cmTC_2c904.dir/build
gmake[1]: Entering directory '/Users/traaitt/Documents/GitHub/traaittCASH/build/rocksdb/CMakeFiles/CMakeTmp'
Building CXX object CMakeFiles/cmTC_2c904.dir/src.cxx.o
/usr/local/opt/llvm@8/bin/clang++ -DHAVE_THREAD_LOCAL  -W -Wextra -Wall -Wsign-compare -Wshadow -Wno-unused-parameter -Wno-unused-variable -Woverloaded-virtual -Wnon-virtual-dtor -Wno-missing-field-initializers -Wno-strict-aliasing -std=c++11 -fno-omit-frame-pointer -momit-leaf-frame-pointer  -isysroot /Applications/Xcode.app/Contents/Developer/Platforms/MacOSX.platform/Developer/SDKs/MacOSX11.1.sdk -o CMakeFiles/cmTC_2c904.dir/src.cxx.o -c /Users/traaitt/Documents/GitHub/traaittCASH/build/rocksdb/CMakeFiles/CMakeTmp/src.cxx
Linking CXX executable cmTC_2c904
/usr/local/Cellar/cmake/3.19.6/bin/cmake -E cmake_link_script CMakeFiles/cmTC_2c904.dir/link.txt --verbose=1
/usr/local/opt/llvm@8/bin/clang++  -W -Wextra -Wall -Wsign-compare -Wshadow -Wno-unused-parameter -Wno-unused-variable -Woverloaded-virtual -Wnon-virtual-dtor -Wno-missing-field-initializers -Wno-strict-aliasing -std=c++11 -fno-omit-frame-pointer -momit-leaf-frame-pointer  -isysroot /Applications/Xcode.app/Contents/Developer/Platforms/MacOSX.platform/Developer/SDKs/MacOSX11.1.sdk -Wl,-search_paths_first -Wl,-headerpad_max_install_names CMakeFiles/cmTC_2c904.dir/src.cxx.o -o cmTC_2c904 
gmake[1]: Leaving directory '/Users/traaitt/Documents/GitHub/traaittCASH/build/rocksdb/CMakeFiles/CMakeTmp'


Source file was:

  #if defined(_MSC_VER) && !defined(__thread)
  #define __thread __declspec(thread)
  #endif
  int main() {
    static __thread int tls;
  }
  
Determining if the include file pthread.h exists passed with the following output:
Change Dir: /Users/traaitt/Documents/GitHub/traaittCASH/build/rocksdb/CMakeFiles/CMakeTmp

Run Build Command(s):/usr/local/bin/gmake cmTC_42444/fast && /usr/local/bin/gmake  -f CMakeFiles/cmTC_42444.dir/build.make CMakeFiles/cmTC_42444.dir/build
gmake[1]: Entering directory '/Users/traaitt/Documents/GitHub/traaittCASH/build/rocksdb/CMakeFiles/CMakeTmp'
Building C object CMakeFiles/cmTC_42444.dir/CheckIncludeFile.c.o
/usr/local/opt/llvm@8/bin/clang   -isysroot /Applications/Xcode.app/Contents/Developer/Platforms/MacOSX.platform/Developer/SDKs/MacOSX11.1.sdk -o CMakeFiles/cmTC_42444.dir/CheckIncludeFile.c.o -c /Users/traaitt/Documents/GitHub/traaittCASH/build/rocksdb/CMakeFiles/CMakeTmp/CheckIncludeFile.c
Linking C executable cmTC_42444
/usr/local/Cellar/cmake/3.19.6/bin/cmake -E cmake_link_script CMakeFiles/cmTC_42444.dir/link.txt --verbose=1
/usr/local/opt/llvm@8/bin/clang  -isysroot /Applications/Xcode.app/Contents/Developer/Platforms/MacOSX.platform/Developer/SDKs/MacOSX11.1.sdk -Wl,-search_paths_first -Wl,-headerpad_max_install_names CMakeFiles/cmTC_42444.dir/CheckIncludeFile.c.o -o cmTC_42444 
gmake[1]: Leaving directory '/Users/traaitt/Documents/GitHub/traaittCASH/build/rocksdb/CMakeFiles/CMakeTmp'



Performing C SOURCE FILE Test CMAKE_HAVE_LIBC_PTHREAD succeeded with the following output:
Change Dir: /Users/traaitt/Documents/GitHub/traaittCASH/build/rocksdb/CMakeFiles/CMakeTmp

Run Build Command(s):/usr/local/bin/gmake cmTC_00cd3/fast && /usr/local/bin/gmake  -f CMakeFiles/cmTC_00cd3.dir/build.make CMakeFiles/cmTC_00cd3.dir/build
gmake[1]: Entering directory '/Users/traaitt/Documents/GitHub/traaittCASH/build/rocksdb/CMakeFiles/CMakeTmp'
Building C object CMakeFiles/cmTC_00cd3.dir/src.c.o
/usr/local/opt/llvm@8/bin/clang -DCMAKE_HAVE_LIBC_PTHREAD  -isysroot /Applications/Xcode.app/Contents/Developer/Platforms/MacOSX.platform/Developer/SDKs/MacOSX11.1.sdk -o CMakeFiles/cmTC_00cd3.dir/src.c.o -c /Users/traaitt/Documents/GitHub/traaittCASH/build/rocksdb/CMakeFiles/CMakeTmp/src.c
Linking C executable cmTC_00cd3
/usr/local/Cellar/cmake/3.19.6/bin/cmake -E cmake_link_script CMakeFiles/cmTC_00cd3.dir/link.txt --verbose=1
/usr/local/opt/llvm@8/bin/clang  -isysroot /Applications/Xcode.app/Contents/Developer/Platforms/MacOSX.platform/Developer/SDKs/MacOSX11.1.sdk -Wl,-search_paths_first -Wl,-headerpad_max_install_names CMakeFiles/cmTC_00cd3.dir/src.c.o -o cmTC_00cd3 
gmake[1]: Leaving directory '/Users/traaitt/Documents/GitHub/traaittCASH/build/rocksdb/CMakeFiles/CMakeTmp'


Source file was:
#include <pthread.h>

static void* test_func(void* data)
{
  return data;
}

int main(void)
{
  pthread_t thread;
  pthread_create(&thread, NULL, test_func, NULL);
  pthread_detach(thread);
  pthread_cancel(thread);
  pthread_join(thread, NULL);
  pthread_atfork(NULL, NULL, NULL);
  pthread_exit(NULL);

  return 0;
}

